[28May2025 00:00:44.318] [Netty Epoll Server IO #4/WARN] [com.connectivity.Connectivity/]: Packet:ServerboundBlockEntityTagQuery  id 1 larger than expected error detected, printing packet and buffer. Stacktrace gets logged after this
[28May2025 00:00:44.321] [Netty Epoll Server IO #4/WARN] [com.connectivity.Connectivity/]: Packet data:
{
  "f_133798_": 1,
  "f_133799_": "BlockPos{x=2622464, y=844, z=1073200}"
}
[28May2025 00:00:44.322] [Netty Epoll Server IO #4/WARN] [com.connectivity.Connectivity/]: Packet:PooledUnsafeDirectByteBuf  id 1 data of 11 extra bytes: 
[28May2025 00:00:44.322] [Netty Epoll Server IO #4/WARN] [com.connectivity.Connectivity/]: Packet data:
[
  "<partial numeric data>",
  "[-117, -86, -82, -89, -90, 0, -10, -92, 99, -14, -106]"
]
[28May2025 00:00:45.751] [Netty Epoll Server IO #6/WARN] [com.connectivity.Connectivity/]: Packet:ServerboundBlockEntityTagQuery  id 1 larger than expected error detected, printing packet and buffer. Stacktrace gets logged after this
[28May2025 00:00:45.751] [Netty Epoll Server IO #6/WARN] [com.connectivity.Connectivity/]: Packet data:
{
  "f_133798_": 1,
  "f_133799_": "BlockPos{x=2622464, y=941, z=1073200}"
}
[28May2025 00:00:45.751] [Netty Epoll Server IO #6/WARN] [com.connectivity.Connectivity/]: Packet:PooledUnsafeDirectByteBuf  id 1 data of 11 extra bytes: 
[28May2025 00:00:45.752] [Netty Epoll Server IO #6/WARN] [com.connectivity.Connectivity/]: Packet data:
[
  "<partial numeric data>",
  "[-85, 47, -42, -57, 52, -55, -29, 23, -69, 41, -95]"
]
[28May2025 00:00:46.133] [Netty Epoll Server IO #7/WARN] [com.connectivity.Connectivity/]: Packet:ServerboundBlockEntityTagQuery  id 1 larger than expected error detected, printing packet and buffer. Stacktrace gets logged after this
[28May2025 00:00:46.134] [Netty Epoll Server IO #7/WARN] [com.connectivity.Connectivity/]: Packet data:
{
  "f_133798_": 1,
  "f_133799_": "BlockPos{x=2622464, y=892, z=1073200}"
}
[28May2025 00:00:46.134] [Netty Epoll Server IO #7/WARN] [com.connectivity.Connectivity/]: Packet:PooledUnsafeDirectByteBuf  id 1 data of 11 extra bytes: 
[28May2025 00:00:46.134] [Netty Epoll Server IO #7/WARN] [com.connectivity.Connectivity/]: Packet data:
[
  "<partial numeric data>",
  "[112, 117, -83, 5, 98, -115, 53, -47, -11, 103, -66]"
]
[28May2025 00:00:46.669] [Netty Epoll Server IO #0/WARN] [com.connectivity.Connectivity/]: Packet:ServerboundBlockEntityTagQuery  id 1 larger than expected error detected, printing packet and buffer. Stacktrace gets logged after this
[28May2025 00:00:46.669] [Netty Epoll Server IO #0/WARN] [com.connectivity.Connectivity/]: Packet data:
{
  "f_133798_": 1,
  "f_133799_": "BlockPos{x=2622464, y=847, z=1073200}"
}
[28May2025 00:00:46.669] [Netty Epoll Server IO #0/WARN] [com.connectivity.Connectivity/]: Packet:PooledUnsafeDirectByteBuf  id 1 data of 11 extra bytes: 
[28May2025 00:00:46.670] [Netty Epoll Server IO #0/WARN] [com.connectivity.Connectivity/]: Packet data:
[
  "<partial numeric data>",
  "[-15, 28, 41, -125, -64, 25, -41, 9, -127, 75, 118]"
]
[28May2025 00:00:47.563] [Netty Epoll Server IO #1/WARN] [com.connectivity.Connectivity/]: Packet:ServerboundBlockEntityTagQuery  id 1 larger than expected error detected, printing packet and buffer. Stacktrace gets logged after this
[28May2025 00:00:47.564] [Netty Epoll Server IO #1/WARN] [com.connectivity.Connectivity/]: Packet data:
{
  "f_133798_": 1,
  "f_133799_": "BlockPos{x=2622464, y=926, z=1073200}"
}
[28May2025 00:00:47.564] [Netty Epoll Server IO #1/WARN] [com.connectivity.Connectivity/]: Packet:PooledUnsafeDirectByteBuf  id 1 data of 11 extra bytes: 
[28May2025 00:00:47.564] [Netty Epoll Server IO #1/WARN] [com.connectivity.Connectivity/]: Packet data:
[
  "<partial numeric data>",
  "[55, -76, 125, -100, -29, -61, 53, 124, 118, 109, -1]"
]
[28May2025 00:00:48.734] [Netty Epoll Server IO #2/WARN] [com.connectivity.Connectivity/]: Packet:ServerboundBlockEntityTagQuery  id 1 larger than expected error detected, printing packet and buffer. Stacktrace gets logged after this
[28May2025 00:00:48.734] [Netty Epoll Server IO #2/WARN] [com.connectivity.Connectivity/]: Packet data:
{
  "f_133798_": 1,
  "f_133799_": "BlockPos{x=2622464, y=926, z=1073200}"
}
[28May2025 00:00:48.734] [Netty Epoll Server IO #2/WARN] [com.connectivity.Connectivity/]: Packet:PooledUnsafeDirectByteBuf  id 1 data of 11 extra bytes: 
[28May2025 00:00:48.735] [Netty Epoll Server IO #2/WARN] [com.connectivity.Connectivity/]: Packet data:
[
  "<partial numeric data>",
  "[-81, -22, -127, -65, -12, -26, -65, -28, 1, 95, -71]"
]
[28May2025 00:00:49.956] [Netty Epoll Server IO #3/WARN] [com.connectivity.Connectivity/]: Packet:ServerboundBlockEntityTagQuery  id 1 larger than expected error detected, printing packet and buffer. Stacktrace gets logged after this
[28May2025 00:00:49.957] [Netty Epoll Server IO #3/WARN] [com.connectivity.Connectivity/]: Packet data:
{
  "f_133798_": 1,
  "f_133799_": "BlockPos{x=2622464, y=968, z=1073200}"
}
[28May2025 00:00:49.957] [Netty Epoll Server IO #3/WARN] [com.connectivity.Connectivity/]: Packet:PooledUnsafeDirectByteBuf  id 1 data of 11 extra bytes: 
[28May2025 00:00:49.957] [Netty Epoll Server IO #3/WARN] [com.connectivity.Connectivity/]: Packet data:
[
  "<partial numeric data>",
  "[-16, 81, 109, -15, 30, 65, 56, -56, -99, -41, 30]"
]
[28May2025 00:00:50.162] [Netty Epoll Server IO #4/WARN] [com.connectivity.Connectivity/]: Packet:ServerboundBlockEntityTagQuery  id 1 larger than expected error detected, printing packet and buffer. Stacktrace gets logged after this
[28May2025 00:00:50.163] [Netty Epoll Server IO #4/WARN] [com.connectivity.Connectivity/]: Packet data:
{
  "f_133798_": 1,
  "f_133799_": "BlockPos{x=2622464, y=954, z=1073200}"
}
[28May2025 00:00:50.163] [Netty Epoll Server IO #4/WARN] [com.connectivity.Connectivity/]: Packet:PooledUnsafeDirectByteBuf  id 1 data of 11 extra bytes: 
[28May2025 00:00:50.163] [Netty Epoll Server IO #4/WARN] [com.connectivity.Connectivity/]: Packet data:
[
  "<partial numeric data>",
  "[-59, -13, 70, -121, -23, -59, 41, -125, -30, 43, 114]"
]
[28May2025 00:01:01.829] [Server thread/INFO] [net.minecraft.server.network.ServerGamePacketListenerImpl/]: YOUNGDINO07 lost connection: Disconnected
[28May2025 00:01:01.829] [Server thread/INFO] [net.minecraft.server.MinecraftServer/]: YOUNGDINO07 left the game
[28May2025 00:01:01.830] [Server thread/INFO] [voicechat/]: [voicechat] Disconnecting client YOUNGDINO07
[28May2025 00:01:02.779] [Server thread/INFO] [net.minecraft.server.network.ServerGamePacketListenerImpl/]: lautiABC lost connection: Disconnected
[28May2025 00:01:02.779] [Server thread/INFO] [net.minecraft.server.MinecraftServer/]: lautiABC left the game
[28May2025 00:01:02.780] [Server thread/INFO] [voicechat/]: [voicechat] Disconnecting client lautiABC
[28May2025 00:01:11.273] [Server thread/INFO] [net.minecraft.server.MinecraftServer/]: [lobo3224: Set own game mode to Creative Mode]
[28May2025 00:01:23.241] [Netty Epoll Server IO #7/WARN] [com.connectivity.Connectivity/]: Packet:ServerboundBlockEntityTagQuery  id 1 larger than expected error detected, printing packet and buffer. Stacktrace gets logged after this
[28May2025 00:01:23.242] [Netty Epoll Server IO #7/WARN] [com.connectivity.Connectivity/]: Packet data:
{
  "f_133798_": 1,
  "f_133799_": "BlockPos{x=5768192, y=932, z=1122352}"
}
[28May2025 00:01:23.242] [Netty Epoll Server IO #7/WARN] [com.connectivity.Connectivity/]: Packet:PooledUnsafeDirectByteBuf  id 1 data of 11 extra bytes: 
[28May2025 00:01:23.242] [Netty Epoll Server IO #7/WARN] [com.connectivity.Connectivity/]: Packet data:
[
  "<partial numeric data>",
  "[107, -64, -117, 42, 71, -81, 108, 19, -24, 5, -48]"
]
[28May2025 00:01:23.484] [Netty Epoll Server IO #0/WARN] [com.connectivity.Connectivity/]: Packet:ServerboundBlockEntityTagQuery  id 1 larger than expected error detected, printing packet and buffer. Stacktrace gets logged after this
[28May2025 00:01:23.484] [Netty Epoll Server IO #0/WARN] [com.connectivity.Connectivity/]: Packet data:
{
  "f_133798_": 0,
  "f_133799_": "BlockPos{x=-8125440, y=832, z=905264}"
}
[28May2025 00:01:23.484] [Netty Epoll Server IO #0/WARN] [com.connectivity.Connectivity/]: Packet:PooledUnsafeDirectByteBuf  id 1 data of 11 extra bytes: 
[28May2025 00:01:23.484] [Netty Epoll Server IO #0/WARN] [com.connectivity.Connectivity/]: Packet data:
[
  "<partial numeric data>",
  "[33, 110, 116, -5, 81, -48, -69, 29, -128, 49, 40]"
]
[28May2025 00:01:23.772] [Netty Epoll Server IO #2/WARN] [com.connectivity.Connectivity/]: Packet:ServerboundBlockEntityTagQuery  id 1 larger than expected error detected, printing packet and buffer. Stacktrace gets logged after this
[28May2025 00:01:23.772] [Netty Epoll Server IO #2/WARN] [com.connectivity.Connectivity/]: Packet data:
{
  "f_133798_": 0,
  "f_133799_": "BlockPos{x=-11271168, y=883, z=856112}"
}
[28May2025 00:01:23.772] [Netty Epoll Server IO #2/WARN] [com.connectivity.Connectivity/]: Packet:PooledUnsafeDirectByteBuf  id 1 data of 11 extra bytes: 
[28May2025 00:01:23.772] [Netty Epoll Server IO #2/WARN] [com.connectivity.Connectivity/]: Packet data:
[
  "<partial numeric data>",
  "[51, -117, 5, -77, -46, 15, 75, -44, -30, -113, 36]"
]
[28May2025 00:02:13.037] [Server thread/INFO] [net.minecraft.server.MinecraftServer/]: [lobo3224: Set own game mode to Survival Mode]
[28May2025 00:06:23.369] [Server thread/WARN] [net.minecraft.world.level.storage.loot.functions.SetItemDamageFunction/]: Couldn't set damage of loot item 1 lantern
[28May2025 00:08:57.164] [Server thread/INFO] [net.minecraft.world.entity.npc.Villager/]: Villager Villager['Unemployed'/35519, l='ServerLevel[world]', x=-271.24, y=-256.00, z=1078.48] died, message: 'Unemployed was killed'
[28May2025 00:09:35.328] [Server thread/INFO] [net.minecraft.server.MinecraftServer/]: [lobo3224: Made lobo3224 no longer a server operator]
